This is pdfTeX, Version 3.141592653-2.6-1.40.24 (MiKTeX 22.7) (preloaded format=pdflatex 2022.9.28)  31 OCT 2022 20:45
entering extended mode
 restricted \write18 enabled.
 %&-line parsing enabled.
**C:/Users/4mama/OneDrive/Dokumenty/GitHub/mip/clanok.tex
(C:/Users/4mama/OneDrive/Dokumenty/GitHub/mip/clanok.tex
LaTeX2e <2022-06-01> patch level 5
L3 programming layer <2022-07-04>
(C:\Users\4mama\AppData\Local\Programs\MiKTeX\tex/latex/coursepaper\coursepaper
.cls
Document Class: coursepaper 2003/08/19 v2.0
(C:\Users\4mama\AppData\Local\Programs\MiKTeX\tex/latex/base\ifthen.sty
Package: ifthen 2022/04/13 v1.1d Standard LaTeX ifthen package (DPC)
)
(C:\Users\4mama\AppData\Local\Programs\MiKTeX\tex/latex/base\article.cls
Document Class: article 2021/10/04 v1.4n Standard LaTeX document class
(C:\Users\4mama\AppData\Local\Programs\MiKTeX\tex/latex/base\size10.clo
File: size10.clo 2021/10/04 v1.4n Standard LaTeX file (size option)
)
\c@part=\count185
\c@section=\count186
\c@subsection=\count187
\c@subsubsection=\count188
\c@paragraph=\count189
\c@subparagraph=\count190
\c@figure=\count191
\c@table=\count192
\abovecaptionskip=\skip47
\belowcaptionskip=\skip48
\bibindent=\dimen138
))
(C:\Users\4mama\AppData\Local\Programs\MiKTeX\tex/generic/babel\babel.sty
Package: babel 2022/06/26 3.77 The Babel package
\babel@savecnt=\count193
\U@D=\dimen139
\l@unhyphenated=\language79

(C:\Users\4mama\AppData\Local\Programs\MiKTeX\tex/generic/babel\txtbabel.def)
\bbl@readstream=\read2
\bbl@dirlevel=\count194

*************************************
* Local config file bblopts.cfg used
*
(C:\Users\4mama\AppData\Local\Programs\MiKTeX\tex/latex/arabi\bblopts.cfg
File: bblopts.cfg 2005/09/08 v0.1 add Arabic and Farsi to "declared" options of
 babel
)
(C:\Users\4mama\AppData\Local\Programs\MiKTeX\tex/latex/babel-slovak\slovak.ldf
Language: slovak 2008/07/06 v3.1a Slovak support from the babel system
Package babel Info: Making ^ an active character on input line 123.
Package babel Info: Making " an active character on input line 126.
Package babel Info: Making ' an active character on input line 129.
\cs@wordlen=\count195
Package babel Info: Making - an active character on input line 294.
))
(C:\Users\4mama\AppData\Local\Programs\MiKTeX\tex/generic/babel/locale/sk\babel
-slovak.tex
Package babel Info: Importing font and identification data for slovak
(babel)             from babel-sk.ini. Reported on input line 11.
)
(C:\Users\4mama\AppData\Local\Programs\MiKTeX\tex/latex/base\fontenc.sty
Package: fontenc 2021/04/29 v2.0v Standard LaTeX package
)
(C:\Users\4mama\AppData\Local\Programs\MiKTeX\tex/latex/base\fontenc.sty
Package: fontenc 2021/04/29 v2.0v Standard LaTeX package

(C:\Users\4mama\AppData\Local\Programs\MiKTeX\tex/cslatex/base\il2enc.def
File: il2enc.def 1997/08/20 CSLaTeX
Now handling font encoding IL2 ...
... no UTF-8 mapping file for font encoding IL2
)
LaTeX Font Info:    Trying to load font information for IL2+cmr on input line 1
12.

(C:\Users\4mama\AppData\Local\Programs\MiKTeX\tex/cslatex/base\il2cmr.fd
File: il2cmr.fd 1997/02/06 CSLaTeX font definitions
))
(C:\Users\4mama\AppData\Local\Programs\MiKTeX\tex/latex/base\inputenc.sty
Package: inputenc 2021/02/14 v1.3d Input encoding file
\inpenc@prehook=\toks16
\inpenc@posthook=\toks17
)
(C:\Users\4mama\AppData\Local\Programs\MiKTeX\tex/latex/graphics\graphicx.sty
Package: graphicx 2021/09/16 v1.2d Enhanced LaTeX Graphics (DPC,SPQR)

(C:\Users\4mama\AppData\Local\Programs\MiKTeX\tex/latex/graphics\keyval.sty
Package: keyval 2022/05/29 v1.15 key=value parser (DPC)
\KV@toks@=\toks18
)
(C:\Users\4mama\AppData\Local\Programs\MiKTeX\tex/latex/graphics\graphics.sty
Package: graphics 2022/03/10 v1.4e Standard LaTeX Graphics (DPC,SPQR)

(C:\Users\4mama\AppData\Local\Programs\MiKTeX\tex/latex/graphics\trig.sty
Package: trig 2021/08/11 v1.11 sin cos tan (DPC)
)
(C:\Users\4mama\AppData\Local\Programs\MiKTeX\tex/latex/graphics-cfg\graphics.c
fg
File: graphics.cfg 2016/06/04 v1.11 sample graphics configuration
)
Package graphics Info: Driver file: pdftex.def on input line 107.

(C:\Users\4mama\AppData\Local\Programs\MiKTeX\tex/latex/graphics-def\pdftex.def
File: pdftex.def 2020/10/05 v1.2a Graphics/color driver for pdftex
))
\Gin@req@height=\dimen140
\Gin@req@width=\dimen141
) (C:\Users\4mama\AppData\Local\Programs\MiKTeX\tex/latex/url\url.sty
\Urlmuskip=\muskip16
Package: url 2013/09/16  ver 3.4  Verb mode for urls, etc.
)
(C:\Users\4mama\AppData\Local\Programs\MiKTeX\tex/latex/hyperref\hyperref.sty
Package: hyperref 2022-06-20 v7.00s Hypertext links for LaTeX

(C:\Users\4mama\AppData\Local\Programs\MiKTeX\tex/generic/ltxcmds\ltxcmds.sty
Package: ltxcmds 2020-05-10 v1.25 LaTeX kernel commands for general use (HO)
)
(C:\Users\4mama\AppData\Local\Programs\MiKTeX\tex/generic/iftex\iftex.sty
Package: iftex 2022/02/03 v1.0f TeX engine tests
)
(C:\Users\4mama\AppData\Local\Programs\MiKTeX\tex/generic/pdftexcmds\pdftexcmds
.sty
Package: pdftexcmds 2020-06-27 v0.33 Utility functions of pdfTeX for LuaTeX (HO
)

(C:\Users\4mama\AppData\Local\Programs\MiKTeX\tex/generic/infwarerr\infwarerr.s
ty
Package: infwarerr 2019/12/03 v1.5 Providing info/warning/error messages (HO)
)
Package pdftexcmds Info: \pdf@primitive is available.
Package pdftexcmds Info: \pdf@ifprimitive is available.
Package pdftexcmds Info: \pdfdraftmode found.
)
(C:\Users\4mama\AppData\Local\Programs\MiKTeX\tex/generic/kvsetkeys\kvsetkeys.s
ty
Package: kvsetkeys 2019/12/15 v1.18 Key value parser (HO)
)
(C:\Users\4mama\AppData\Local\Programs\MiKTeX\tex/generic/kvdefinekeys\kvdefine
keys.sty
Package: kvdefinekeys 2019-12-19 v1.6 Define keys (HO)
)
(C:\Users\4mama\AppData\Local\Programs\MiKTeX\tex/generic/pdfescape\pdfescape.s
ty
Package: pdfescape 2019/12/09 v1.15 Implements pdfTeX's escape features (HO)
) (C:\Users\4mama\AppData\Local\Programs\MiKTeX\tex/latex/hycolor\hycolor.sty
Package: hycolor 2020-01-27 v1.10 Color options for hyperref/bookmark (HO)
)
(C:\Users\4mama\AppData\Local\Programs\MiKTeX\tex/latex/letltxmacro\letltxmacro
.sty
Package: letltxmacro 2019/12/03 v1.6 Let assignment for LaTeX macros (HO)
)
(C:\Users\4mama\AppData\Local\Programs\MiKTeX\tex/latex/auxhook\auxhook.sty
Package: auxhook 2019-12-17 v1.6 Hooks for auxiliary files (HO)
)
(C:\Users\4mama\AppData\Local\Programs\MiKTeX\tex/latex/hyperref\nameref.sty
Package: nameref 2022-05-17 v2.50 Cross-referencing by name of section

(C:\Users\4mama\AppData\Local\Programs\MiKTeX\tex/latex/refcount\refcount.sty
Package: refcount 2019/12/15 v3.6 Data extraction from label references (HO)
)
(C:\Users\4mama\AppData\Local\Programs\MiKTeX\tex/generic/gettitlestring\gettit
lestring.sty
Package: gettitlestring 2019/12/15 v1.6 Cleanup title references (HO)

(C:\Users\4mama\AppData\Local\Programs\MiKTeX\tex/latex/kvoptions\kvoptions.sty
Package: kvoptions 2022-06-15 v3.15 Key value format for package options (HO)
))
\c@section@level=\count196
)
\@linkdim=\dimen142
\Hy@linkcounter=\count197
\Hy@pagecounter=\count198
 (C:\Users\4mama\AppData\Local\Programs\MiKTeX\tex/latex/hyperref\pd1enc.def
File: pd1enc.def 2022-06-20 v7.00s Hyperref: PDFDocEncoding definition (HO)
Now handling font encoding PD1 ...
... no UTF-8 mapping file for font encoding PD1
) (C:\Users\4mama\AppData\Local\Programs\MiKTeX\tex/generic/intcalc\intcalc.sty
Package: intcalc 2019/12/15 v1.3 Expandable calculations with integers (HO)
)
(C:\Users\4mama\AppData\Local\Programs\MiKTeX\tex/generic/etexcmds\etexcmds.sty
Package: etexcmds 2019/12/15 v1.7 Avoid name clashes with e-TeX commands (HO)
)
\Hy@SavedSpaceFactor=\count199
 (C:\Users\4mama\AppData\Local\Programs\MiKTeX\tex/latex/hyperref\puenc.def
File: puenc.def 2022-06-20 v7.00s Hyperref: PDF Unicode definition (HO)
Now handling font encoding PU ...
... no UTF-8 mapping file for font encoding PU
)
Package hyperref Info: Hyper figures OFF on input line 4162.
Package hyperref Info: Link nesting OFF on input line 4167.
Package hyperref Info: Hyper index ON on input line 4170.
Package hyperref Info: Plain pages OFF on input line 4177.
Package hyperref Info: Backreferencing OFF on input line 4182.
Package hyperref Info: Implicit mode ON; LaTeX internals redefined.
Package hyperref Info: Bookmarks ON on input line 4408.
\c@Hy@tempcnt=\count266
LaTeX Info: Redefining \url on input line 4746.
\XeTeXLinkMargin=\dimen143

(C:\Users\4mama\AppData\Local\Programs\MiKTeX\tex/generic/bitset\bitset.sty
Package: bitset 2019/12/09 v1.3 Handle bit-vector datatype (HO)

(C:\Users\4mama\AppData\Local\Programs\MiKTeX\tex/generic/bigintcalc\bigintcalc
.sty
Package: bigintcalc 2019/12/15 v1.5 Expandable calculations on big integers (HO
)
))
\Fld@menulength=\count267
\Field@Width=\dimen144
\Fld@charsize=\dimen145
Package hyperref Info: Hyper figures OFF on input line 6024.
Package hyperref Info: Link nesting OFF on input line 6029.
Package hyperref Info: Hyper index ON on input line 6032.
Package hyperref Info: backreferencing OFF on input line 6039.
Package hyperref Info: Link coloring OFF on input line 6044.
Package hyperref Info: Link coloring with OCG OFF on input line 6049.
Package hyperref Info: PDF/A mode OFF on input line 6054.

(C:\Users\4mama\AppData\Local\Programs\MiKTeX\tex/latex/base\atbegshi-ltx.sty
Package: atbegshi-ltx 2021/01/10 v1.0c Emulation of the original atbegshi
package with kernel methods
)
\Hy@abspage=\count268
\c@Item=\count269
\c@Hfootnote=\count270
)
Package hyperref Info: Driver (autodetected): hpdftex.
(C:\Users\4mama\AppData\Local\Programs\MiKTeX\tex/latex/hyperref\hpdftex.def
File: hpdftex.def 2022-06-20 v7.00s Hyperref driver for pdfTeX

(C:\Users\4mama\AppData\Local\Programs\MiKTeX\tex/latex/base\atveryend-ltx.sty
Package: atveryend-ltx 2020/08/19 v1.0a Emulation of the original atveryend pac
kage
with kernel methods
)
\Fld@listcount=\count271
\c@bookmark@seq@number=\count272

(C:\Users\4mama\AppData\Local\Programs\MiKTeX\tex/latex/rerunfilecheck\rerunfil
echeck.sty
Package: rerunfilecheck 2022-07-10 v1.10 Rerun checks for auxiliary files (HO)

(C:\Users\4mama\AppData\Local\Programs\MiKTeX\tex/generic/uniquecounter\uniquec
ounter.sty
Package: uniquecounter 2019/12/15 v1.4 Provide unlimited unique counter (HO)
)
Package uniquecounter Info: New unique counter `rerunfilecheck' on input line 2
85.
)
\Hy@SectionHShift=\skip49
)
(C:\Users\4mama\AppData\Local\Programs\MiKTeX\tex/latex/cite\cite.sty
LaTeX Info: Redefining \cite on input line 302.
LaTeX Info: Redefining \nocite on input line 332.
Package: cite 2015/02/27  v 5.5
)
(C:\Users\4mama\AppData\Local\Programs\MiKTeX\tex/latex/l3backend\l3backend-pdf
tex.def
File: l3backend-pdftex.def 2022-07-01 L3 backend support: PDF output (pdfTeX)
\l__color_backend_stack_int=\count273
\l__pdf_internal_box=\box51
)
No file clanok.aux.
\openout1 = `clanok.aux'.

LaTeX Font Info:    Checking defaults for OML/cmm/m/it on input line 31.
LaTeX Font Info:    ... okay on input line 31.
LaTeX Font Info:    Checking defaults for OMS/cmsy/m/n on input line 31.
LaTeX Font Info:    ... okay on input line 31.
LaTeX Font Info:    Checking defaults for OT1/cmr/m/n on input line 31.
LaTeX Font Info:    ... okay on input line 31.
LaTeX Font Info:    Checking defaults for T1/cmr/m/n on input line 31.
LaTeX Font Info:    ... okay on input line 31.
LaTeX Font Info:    Checking defaults for TS1/cmr/m/n on input line 31.
LaTeX Font Info:    ... okay on input line 31.
LaTeX Font Info:    Checking defaults for OMX/cmex/m/n on input line 31.
LaTeX Font Info:    ... okay on input line 31.
LaTeX Font Info:    Checking defaults for U/cmr/m/n on input line 31.
LaTeX Font Info:    ... okay on input line 31.
LaTeX Font Info:    Checking defaults for IL2/cmr/m/n on input line 31.
LaTeX Font Info:    ... okay on input line 31.
LaTeX Font Info:    Checking defaults for PD1/pdf/m/n on input line 31.
LaTeX Font Info:    ... okay on input line 31.
LaTeX Font Info:    Checking defaults for PU/pdf/m/n on input line 31.
LaTeX Font Info:    ... okay on input line 31.

(C:\Users\4mama\AppData\Local\Programs\MiKTeX\tex/context/base/mkii\supp-pdf.mk
ii
[Loading MPS to PDF converter (version 2006.09.02).]
\scratchcounter=\count274
\scratchdimen=\dimen146
\scratchbox=\box52
\nofMPsegments=\count275
\nofMParguments=\count276
\everyMPshowfont=\toks19
\MPscratchCnt=\count277
\MPscratchDim=\dimen147
\MPnumerator=\count278
\makeMPintoPDFobject=\count279
\everyMPtoPDFconversion=\toks20
)
(C:\Users\4mama\AppData\Local\Programs\MiKTeX\tex/latex/epstopdf-pkg\epstopdf-b
ase.sty
Package: epstopdf-base 2020-01-24 v2.11 Base part for package epstopdf
Package epstopdf-base Info: Redefining graphics rule for `.eps' on input line 4
85.

(C:\Users\4mama\AppData\Local\Programs\MiKTeX\tex/latex/00miktex\epstopdf-sys.c
fg
File: epstopdf-sys.cfg 2021/03/18 v2.0 Configuration of epstopdf for MiKTeX
))
Package hyperref Info: Link coloring OFF on input line 31.
\@outlinefile=\write3
\openout3 = `clanok.out'.

LaTeX Font Info:    Trying to load font information for IL2+cmss on input line 
34.
 (C:\Users\4mama\AppData\Local\Programs\MiKTeX\tex/cslatex/base\il2cmss.fd
File: il2cmss.fd 1997/02/13 CsLaTeX font definitions
)
LaTeX Font Info:    External font `cmex10' loaded for size
(Font)              <17.28> on input line 34.
LaTeX Font Info:    External font `cmex10' loaded for size
(Font)              <12> on input line 34.
LaTeX Font Info:    Trying to load font information for IL2+cmtt on input line 
34.
(C:\Users\4mama\AppData\Local\Programs\MiKTeX\tex/cslatex/base\il2cmtt.fd
File: il2cmtt.fd 1997/08/20 CSLaTeX font definitions
)
LaTeX Font Info:    External font `cmex10' loaded for size
(Font)              <8> on input line 34.
LaTeX Font Info:    External font `cmex10' loaded for size
(Font)              <6> on input line 34.
LaTeX Font Info:    External font `cmex10' loaded for size
(Font)              <5> on input line 34.


LaTeX Warning: Reference `historia' on page 1 undefined on input line 42.


LaTeX Warning: Reference `porovnanie' on page 1 undefined on input line 42.


LaTeX Warning: Reference `zanre' on page 1 undefined on input line 43.


LaTeX Warning: Reference `zaver' on page 1 undefined on input line 44.

[1

{C:/Users/4mama/AppData/Local/MiKTeX/fonts/map/pdftex/pdftex.map}]

LaTeX Warning: Reference `f:rozhod' on page 2 undefined on input line 61.

<Schránka-15.jpg, id=22, 523.9575pt x 295.85532pt>
File: Schránka-15.jpg Graphic file (type jpg)
<use Schránka-15.jpg>
Package pdftex.def Info: Schránka-15.jpg  used on input line 65.
(pdftex.def)             Requested size: 261.9781pt x 147.92729pt.
LaTeX Font Info:    External font `cmex10' loaded for size
(Font)              <7> on input line 75.

Underfull \vbox (badness 7238) has occurred while \output is active []

 [2 <C:/Users/4mama/OneDrive/Dokumenty/GitHub/mip/Schránka-15.jpg>]

LaTeX Warning: Reference `zanre:adventure' on page 3 undefined on input line 77
.


LaTeX Warning: Reference `zanre:akcne' on page 3 undefined on input line 77.


LaTeX Warning: Citation `Coplien:MPD' on page 3 undefined on input line 79.


LaTeX Warning: Citation `Czarnecki:Staged' on page 3 undefined on input line 79
.


LaTeX Warning: Citation `Czarnecki:Progress' on page 3 undefined on input line 
79.


LaTeX Warning: Citation `PLP-Framework' on page 3 undefined on input line 79.

[3]
<Screenshot.jpg, id=52, 816.80156pt x 475.7775pt>
File: Screenshot.jpg Graphic file (type jpg)
<use Screenshot.jpg>
Package pdftex.def Info: Screenshot.jpg  used on input line 103.
(pdftex.def)             Requested size: 245.04236pt x 142.73434pt.
<csgo.jpg, id=53, 1284.8pt x 722.7pt>
File: csgo.jpg Graphic file (type jpg)
<use csgo.jpg>
Package pdftex.def Info: csgo.jpg  used on input line 125.
(pdftex.def)             Requested size: 256.95544pt x 144.53743pt.
 [4 <C:/Users/4mama/OneDrive/Dokumenty/GitHub/mip/Screenshot.jpg>]
<fortnite.jpg, id=61, 1927.2pt x 1084.05pt>
File: fortnite.jpg Graphic file (type jpg)
<use fortnite.jpg>
Package pdftex.def Info: fortnite.jpg  used on input line 146.
(pdftex.def)             Requested size: 289.06754pt x 162.60048pt.
 [5 <C:/Users/4mama/OneDrive/Dokumenty/GitHub/mip/csgo.jpg>]
<minecraft.jpg, id=68, 1927.2pt x 1084.05pt>
File: minecraft.jpg Graphic file (type jpg)
<use minecraft.jpg>
Package pdftex.def Info: minecraft.jpg  used on input line 167.
(pdftex.def)             Requested size: 289.06754pt x 162.60048pt.
 [6 <C:/Users/4mama/OneDrive/Dokumenty/GitHub/mip/fortnite.jpg> <C:/Users/4mama
/OneDrive/Dokumenty/GitHub/mip/minecraft.jpg>]
<coc.jpg, id=76, 757.83125pt x 570.13pt>
File: coc.jpg Graphic file (type jpg)
<use coc.jpg>
Package pdftex.def Info: coc.jpg  used on input line 186.
(pdftex.def)             Requested size: 227.35112pt x 171.04031pt.
 [7 <C:/Users/4mama/OneDrive/Dokumenty/GitHub/mip/coc.jpg>]
<ets.jpg, id=86, 1927.2pt x 1084.05pt>
File: ets.jpg Graphic file (type jpg)
<use ets.jpg>
Package pdftex.def Info: ets.jpg  used on input line 211.
(pdftex.def)             Requested size: 289.06754pt x 162.60048pt.
<cs16.png, id=87, 422.57875pt x 119.44624pt>
File: cs16.png Graphic file (type png)
<use cs16.png>
Package pdftex.def Info: cs16.png  used on input line 222.
(pdftex.def)             Requested size: 338.06345pt x 95.55711pt.

[8 <C:/Users/4mama/OneDrive/Dokumenty/GitHub/mip/ets.jpg> <C:/Users/4mama/OneDr
ive/Dokumenty/GitHub/mip/cs16.png>]
<1.6vsgo.jpg, id=98, 722.7pt x 361.35pt>
File: 1.6vsgo.jpg Graphic file (type jpg)
<use 1.6vsgo.jpg>
Package pdftex.def Info: 1.6vsgo.jpg  used on input line 264.
(pdftex.def)             Requested size: 289.07487pt x 144.53743pt.
 [9]
!pdfTeX error: pdflatex (file C:/Users/4mama/OneDrive/Dokumenty/GitHub/mip/skin
.jpg): reading JPEG image failed (no JPEG header found)
 ==> Fatal error occurred, no output PDF file produced!
